<?xml version="1.0" encoding="UTF-8"?>
<coverage generated="1645876327132" clover="3.2.0">
  <project timestamp="1645876327132" name="All files">
    <metrics statements="53" coveredstatements="44" conditionals="6" coveredconditionals="2" methods="17" coveredmethods="10" elements="76" coveredelements="56" complexity="0" loc="53" ncloc="53" packages="3" files="7" classes="7"/>
    <package name="src">
      <metrics statements="25" coveredstatements="21" conditionals="6" coveredconditionals="2" methods="4" coveredmethods="1"/>
      <file name="theme.js" path="/Users/tejaswikota/Desktop/personal/learning/react/flicker/webpack-react/src/theme.js">
        <metrics statements="13" coveredstatements="13" conditionals="0" coveredconditionals="0" methods="0" coveredmethods="0"/>
        <line num="1" count="1" type="stmt"/>
        <line num="28" count="1" type="stmt"/>
        <line num="35" count="1" type="stmt"/>
        <line num="42" count="1" type="stmt"/>
        <line num="49" count="1" type="stmt"/>
        <line num="55" count="1" type="stmt"/>
        <line num="61" count="1" type="stmt"/>
        <line num="67" count="1" type="stmt"/>
        <line num="73" count="1" type="stmt"/>
        <line num="99" count="1" type="stmt"/>
        <line num="110" count="1" type="stmt"/>
        <line num="115" count="1" type="stmt"/>
        <line num="120" count="1" type="stmt"/>
      </file>
      <file name="useDeviceType.jsx" path="/Users/tejaswikota/Desktop/personal/learning/react/flicker/webpack-react/src/useDeviceType.jsx">
        <metrics statements="12" coveredstatements="8" conditionals="6" coveredconditionals="2" methods="4" coveredmethods="1"/>
        <line num="4" count="1" type="stmt"/>
        <line num="5" count="1" type="stmt"/>
        <line num="9" count="1" type="stmt"/>
        <line num="11" count="0" type="stmt"/>
        <line num="15" count="0" type="stmt"/>
        <line num="16" count="0" type="stmt"/>
        <line num="17" count="0" type="stmt"/>
        <line num="20" count="1" type="stmt"/>
        <line num="21" count="1" type="stmt"/>
        <line num="22" count="1" type="stmt"/>
        <line num="24" count="1" type="cond" truecount="2" falsecount="4"/>
        <line num="26" count="1" type="stmt"/>
      </file>
    </package>
    <package name="src.components">
      <metrics statements="10" coveredstatements="8" conditionals="0" coveredconditionals="0" methods="4" coveredmethods="3"/>
      <file name="Card.jsx" path="/Users/tejaswikota/Desktop/personal/learning/react/flicker/webpack-react/src/components/Card.jsx">
        <metrics statements="10" coveredstatements="8" conditionals="0" coveredconditionals="0" methods="4" coveredmethods="3"/>
        <line num="12" count="1" type="stmt"/>
        <line num="19" count="1" type="stmt"/>
        <line num="28" count="1" type="stmt"/>
        <line num="36" count="1" type="stmt"/>
        <line num="38" count="1" type="stmt"/>
        <line num="39" count="0" type="stmt"/>
        <line num="40" count="0" type="stmt"/>
        <line num="43" count="1" type="stmt"/>
        <line num="49" count="4" type="stmt"/>
        <line num="61" count="1" type="stmt"/>
      </file>
    </package>
    <package name="src.features">
      <metrics statements="18" coveredstatements="15" conditionals="0" coveredconditionals="0" methods="9" coveredmethods="6"/>
      <file name="Button.jsx" path="/Users/tejaswikota/Desktop/personal/learning/react/flicker/webpack-react/src/features/Button.jsx">
        <metrics statements="4" coveredstatements="3" conditionals="0" coveredconditionals="0" methods="3" coveredmethods="2"/>
        <line num="11" count="4" type="stmt"/>
        <line num="22" count="4" type="stmt"/>
        <line num="24" count="0" type="stmt"/>
        <line num="33" count="1" type="stmt"/>
      </file>
      <file name="Card.stories.jsx" path="/Users/tejaswikota/Desktop/personal/learning/react/flicker/webpack-react/src/features/Card.stories.jsx">
        <metrics statements="5" coveredstatements="3" conditionals="0" coveredconditionals="0" methods="3" coveredmethods="1"/>
        <line num="15" count="1" type="stmt"/>
        <line num="18" count="1" type="stmt"/>
        <line num="19" count="1" type="stmt"/>
        <line num="24" count="0" type="stmt"/>
        <line num="25" count="0" type="stmt"/>
      </file>
      <file name="Image.jsx" path="/Users/tejaswikota/Desktop/personal/learning/react/flicker/webpack-react/src/features/Image.jsx">
        <metrics statements="3" coveredstatements="3" conditionals="0" coveredconditionals="0" methods="1" coveredmethods="1"/>
        <line num="6" count="1" type="stmt"/>
        <line num="18" count="1" type="stmt"/>
        <line num="27" count="1" type="stmt"/>
      </file>
      <file name="Text.jsx" path="/Users/tejaswikota/Desktop/personal/learning/react/flicker/webpack-react/src/features/Text.jsx">
        <metrics statements="6" coveredstatements="6" conditionals="0" coveredconditionals="0" methods="2" coveredmethods="2"/>
        <line num="14" count="1" type="stmt"/>
        <line num="16" count="6" type="stmt"/>
        <line num="30" count="6" type="stmt"/>
        <line num="32" count="6" type="stmt"/>
        <line num="46" count="1" type="stmt"/>
        <line num="54" count="1" type="stmt"/>
      </file>
    </package>
  </project>
</coverage>
