<?xml version="1.0" encoding="UTF-8"?>
<coverage generated="1645771542208" clover="3.2.0">
  <project timestamp="1645771542208" name="All files">
    <metrics statements="6" coveredstatements="6" conditionals="0" coveredconditionals="0" methods="5" coveredmethods="4" elements="11" coveredelements="10" complexity="0" loc="6" ncloc="6" packages="1" files="2" classes="2"/>
    <file name="helpers.jsx" path="/Users/tejaswikota/Desktop/personal/learning/react/flicker/webpack-react/src/helpers.jsx">
      <metrics statements="4" coveredstatements="4" conditionals="0" coveredconditionals="0" methods="4" coveredmethods="3"/>
      <line num="3" count="2" type="stmt"/>
      <line num="5" count="1" type="stmt"/>
      <line num="7" count="3" type="stmt"/>
      <line num="9" count="4" type="stmt"/>
    </file>
    <file name="sum.js" path="/Users/tejaswikota/Desktop/personal/learning/react/flicker/webpack-react/src/sum.js">
      <metrics statements="2" coveredstatements="2" conditionals="0" coveredconditionals="0" methods="1" coveredmethods="1"/>
      <line num="2" count="1" type="stmt"/>
      <line num="4" count="1" type="stmt"/>
    </file>
  </project>
</coverage>
