{"/Users/tejaswikota/Desktop/personal/learning/react/flicker/webpack-react/src/helpers.jsx": {"path":"/Users/tejaswikota/Desktop/personal/learning/react/flicker/webpack-react/src/helpers.jsx","statementMap":{"0":{"start":{"line":3,"column":32},"end":{"line":3,"column":74}},"1":{"start":{"line":3,"column":42},"end":{"line":3,"column":74}},"2":{"start":{"line":5,"column":30},"end":{"line":5,"column":42}},"3":{"start":{"line":5,"column":39},"end":{"line":5,"column":42}},"4":{"start":{"line":7,"column":23},"end":{"line":7,"column":54}},"5":{"start":{"line":7,"column":33},"end":{"line":7,"column":54}},"6":{"start":{"line":9,"column":30},"end":{"line":13,"column":2}},"7":{"start":{"line":9,"column":42},"end":{"line":13,"column":2}}},"fnMap":{"0":{"name":"(anonymous_0)","decl":{"start":{"line":3,"column":32},"end":{"line":3,"column":33}},"loc":{"start":{"line":3,"column":42},"end":{"line":3,"column":74}},"line":3},"1":{"name":"(anonymous_1)","decl":{"start":{"line":5,"column":30},"end":{"line":5,"column":31}},"loc":{"start":{"line":5,"column":39},"end":{"line":5,"column":42}},"line":5},"2":{"name":"(anonymous_2)","decl":{"start":{"line":7,"column":23},"end":{"line":7,"column":24}},"loc":{"start":{"line":7,"column":33},"end":{"line":7,"column":54}},"line":7},"3":{"name":"(anonymous_3)","decl":{"start":{"line":9,"column":30},"end":{"line":9,"column":31}},"loc":{"start":{"line":9,"column":42},"end":{"line":13,"column":2}},"line":9}},"branchMap":{},"s":{"0":1,"1":2,"2":1,"3":0,"4":1,"5":3,"6":1,"7":4},"f":{"0":2,"1":0,"2":3,"3":4},"b":{},"_coverageSchema":"1a1c01bbd47fc00a2c39e90264f33305004495a9","hash":"20c1c932ea7d30d10dcde060ea6d01aa8a869475"}
,"/Users/tejaswikota/Desktop/personal/learning/react/flicker/webpack-react/src/searchSlice.js": {"path":"/Users/tejaswikota/Desktop/personal/learning/react/flicker/webpack-react/src/searchSlice.js","statementMap":{"0":{"start":{"line":5,"column":21},"end":{"line":9,"column":1}},"1":{"start":{"line":11,"column":24},"end":{"line":11,"column":58}},"2":{"start":{"line":12,"column":24},"end":{"line":12,"column":114}},"3":{"start":{"line":14,"column":27},"end":{"line":29,"column":2}},"4":{"start":{"line":19,"column":12},"end":{"line":19,"column":47}},"5":{"start":{"line":22,"column":12},"end":{"line":22,"column":49}},"6":{"start":{"line":25,"column":12},"end":{"line":25,"column":47}},"7":{"start":{"line":26,"column":12},"end":{"line":26,"column":30}},"8":{"start":{"line":31,"column":34},"end":{"line":39,"column":1}},"9":{"start":{"line":31,"column":51},"end":{"line":39,"column":1}},"10":{"start":{"line":32,"column":4},"end":{"line":38,"column":5}},"11":{"start":{"line":33,"column":8},"end":{"line":33,"column":43}},"12":{"start":{"line":34,"column":25},"end":{"line":34,"column":86}},"13":{"start":{"line":35,"column":8},"end":{"line":35,"column":82}},"14":{"start":{"line":37,"column":8},"end":{"line":37,"column":29}},"15":{"start":{"line":41,"column":66},"end":{"line":41,"column":85}},"16":{"start":{"line":42,"column":26},"end":{"line":42,"column":57}},"17":{"start":{"line":42,"column":37},"end":{"line":42,"column":57}},"18":{"start":{"line":43,"column":31},"end":{"line":43,"column":67}},"19":{"start":{"line":43,"column":42},"end":{"line":43,"column":67}}},"fnMap":{"0":{"name":"(anonymous_0)","decl":{"start":{"line":18,"column":23},"end":{"line":18,"column":24}},"loc":{"start":{"line":18,"column":42},"end":{"line":20,"column":9}},"line":18},"1":{"name":"(anonymous_1)","decl":{"start":{"line":21,"column":28},"end":{"line":21,"column":29}},"loc":{"start":{"line":21,"column":47},"end":{"line":23,"column":9}},"line":21},"2":{"name":"(anonymous_2)","decl":{"start":{"line":24,"column":21},"end":{"line":24,"column":22}},"loc":{"start":{"line":24,"column":40},"end":{"line":27,"column":9}},"line":24},"3":{"name":"(anonymous_3)","decl":{"start":{"line":31,"column":34},"end":{"line":31,"column":35}},"loc":{"start":{"line":31,"column":51},"end":{"line":39,"column":1}},"line":31},"4":{"name":"(anonymous_4)","decl":{"start":{"line":31,"column":51},"end":{"line":31,"column":52}},"loc":{"start":{"line":31,"column":71},"end":{"line":39,"column":1}},"line":31},"5":{"name":"(anonymous_5)","decl":{"start":{"line":42,"column":26},"end":{"line":42,"column":27}},"loc":{"start":{"line":42,"column":37},"end":{"line":42,"column":57}},"line":42},"6":{"name":"(anonymous_6)","decl":{"start":{"line":43,"column":31},"end":{"line":43,"column":32}},"loc":{"start":{"line":43,"column":42},"end":{"line":43,"column":67}},"line":43}},"branchMap":{},"s":{"0":3,"1":3,"2":3,"3":3,"4":1,"5":1,"6":2,"7":2,"8":3,"9":1,"10":1,"11":1,"12":1,"13":1,"14":0,"15":3,"16":3,"17":0,"18":3,"19":0},"f":{"0":1,"1":1,"2":2,"3":1,"4":1,"5":0,"6":0},"b":{},"_coverageSchema":"1a1c01bbd47fc00a2c39e90264f33305004495a9","hash":"d92b6ca42f653e13516ab8a0caa6bf50e9551e2b"}
,"/Users/tejaswikota/Desktop/personal/learning/react/flicker/webpack-react/src/store.js": {"path":"/Users/tejaswikota/Desktop/personal/learning/react/flicker/webpack-react/src/store.js","statementMap":{"0":{"start":{"line":5,"column":14},"end":{"line":9,"column":2}}},"fnMap":{},"branchMap":{},"s":{"0":1},"f":{},"b":{},"_coverageSchema":"1a1c01bbd47fc00a2c39e90264f33305004495a9","hash":"6dde2af9121c19bd1fc824d27b09ad7186d3a512"}
,"/Users/tejaswikota/Desktop/personal/learning/react/flicker/webpack-react/src/sum.js": {"path":"/Users/tejaswikota/Desktop/personal/learning/react/flicker/webpack-react/src/sum.js","statementMap":{"0":{"start":{"line":2,"column":4},"end":{"line":2,"column":17}},"1":{"start":{"line":4,"column":0},"end":{"line":4,"column":21}}},"fnMap":{"0":{"name":"sum","decl":{"start":{"line":1,"column":9},"end":{"line":1,"column":12}},"loc":{"start":{"line":1,"column":19},"end":{"line":3,"column":1}},"line":1}},"branchMap":{},"s":{"0":1,"1":1},"f":{"0":1},"b":{},"_coverageSchema":"1a1c01bbd47fc00a2c39e90264f33305004495a9","hash":"6e066d566f13cb661d79eb7dea6ee664b9688551"}
,"/Users/tejaswikota/Desktop/personal/learning/react/flicker/webpack-react/src/theme.js": {"path":"/Users/tejaswikota/Desktop/personal/learning/react/flicker/webpack-react/src/theme.js","statementMap":{"0":{"start":{"line":1,"column":22},"end":{"line":26,"column":1}},"1":{"start":{"line":28,"column":27},"end":{"line":33,"column":1}},"2":{"start":{"line":35,"column":26},"end":{"line":40,"column":1}},"3":{"start":{"line":42,"column":28},"end":{"line":47,"column":1}},"4":{"start":{"line":49,"column":28},"end":{"line":53,"column":1}},"5":{"start":{"line":55,"column":26},"end":{"line":59,"column":1}},"6":{"start":{"line":61,"column":24},"end":{"line":65,"column":1}},"7":{"start":{"line":67,"column":26},"end":{"line":71,"column":1}},"8":{"start":{"line":73,"column":32},"end":{"line":97,"column":1}},"9":{"start":{"line":99,"column":29},"end":{"line":108,"column":1}},"10":{"start":{"line":110,"column":26},"end":{"line":113,"column":1}},"11":{"start":{"line":115,"column":23},"end":{"line":118,"column":1}},"12":{"start":{"line":120,"column":28},"end":{"line":124,"column":1}}},"fnMap":{},"branchMap":{},"s":{"0":4,"1":4,"2":4,"3":4,"4":4,"5":4,"6":4,"7":4,"8":4,"9":4,"10":4,"11":4,"12":4},"f":{},"b":{},"_coverageSchema":"1a1c01bbd47fc00a2c39e90264f33305004495a9","hash":"dd05342efdaec7606e91a0fac4b02c1cd4bbad7c"}
,"/Users/tejaswikota/Desktop/personal/learning/react/flicker/webpack-react/src/useDeviceType.jsx": {"path":"/Users/tejaswikota/Desktop/personal/learning/react/flicker/webpack-react/src/useDeviceType.jsx","statementMap":{"0":{"start":{"line":4,"column":22},"end":{"line":27,"column":1}},"1":{"start":{"line":5,"column":40},"end":{"line":7,"column":6}},"2":{"start":{"line":9,"column":4},"end":{"line":18,"column":11}},"3":{"start":{"line":11,"column":12},"end":{"line":13,"column":15}},"4":{"start":{"line":15,"column":8},"end":{"line":15,"column":56}},"5":{"start":{"line":16,"column":8},"end":{"line":16,"column":23}},"6":{"start":{"line":17,"column":8},"end":{"line":17,"column":72}},"7":{"start":{"line":17,"column":21},"end":{"line":17,"column":71}},"8":{"start":{"line":20,"column":22},"end":{"line":20,"column":60}},"9":{"start":{"line":21,"column":21},"end":{"line":21,"column":59}},"10":{"start":{"line":22,"column":27},"end":{"line":22,"column":66}},"11":{"start":{"line":24,"column":24},"end":{"line":24,"column":113}},"12":{"start":{"line":26,"column":4},"end":{"line":26,"column":23}}},"fnMap":{"0":{"name":"(anonymous_0)","decl":{"start":{"line":4,"column":22},"end":{"line":4,"column":23}},"loc":{"start":{"line":4,"column":28},"end":{"line":27,"column":1}},"line":4},"1":{"name":"(anonymous_1)","decl":{"start":{"line":9,"column":14},"end":{"line":9,"column":15}},"loc":{"start":{"line":9,"column":20},"end":{"line":18,"column":5}},"line":9},"2":{"name":"handleResize","decl":{"start":{"line":10,"column":17},"end":{"line":10,"column":29}},"loc":{"start":{"line":10,"column":32},"end":{"line":14,"column":9}},"line":10},"3":{"name":"(anonymous_3)","decl":{"start":{"line":17,"column":15},"end":{"line":17,"column":16}},"loc":{"start":{"line":17,"column":21},"end":{"line":17,"column":71}},"line":17}},"branchMap":{"0":{"loc":{"start":{"line":24,"column":24},"end":{"line":24,"column":113}},"type":"cond-expr","locations":[{"start":{"line":24,"column":41},"end":{"line":24,"column":56}},{"start":{"line":24,"column":59},"end":{"line":24,"column":113}}],"line":24},"1":{"loc":{"start":{"line":24,"column":59},"end":{"line":24,"column":113}},"type":"cond-expr","locations":[{"start":{"line":24,"column":71},"end":{"line":24,"column":80}},{"start":{"line":24,"column":83},"end":{"line":24,"column":113}}],"line":24},"2":{"loc":{"start":{"line":24,"column":83},"end":{"line":24,"column":113}},"type":"cond-expr","locations":[{"start":{"line":24,"column":94},"end":{"line":24,"column":102}},{"start":{"line":24,"column":105},"end":{"line":24,"column":113}}],"line":24}},"s":{"0":2,"1":9,"2":9,"3":4,"4":4,"5":4,"6":4,"7":4,"8":9,"9":9,"10":9,"11":9,"12":9},"f":{"0":9,"1":4,"2":4,"3":4},"b":{"0":[2,7],"1":[3,4],"2":[2,2]},"_coverageSchema":"1a1c01bbd47fc00a2c39e90264f33305004495a9","hash":"47ac21eac00e2ddf8207b4cbc500b3fe82d87d3b"}
,"/Users/tejaswikota/Desktop/personal/learning/react/flicker/webpack-react/src/components/Card.jsx": {"path":"/Users/tejaswikota/Desktop/personal/learning/react/flicker/webpack-react/src/components/Card.jsx","statementMap":{"0":{"start":{"line":12,"column":14},"end":{"line":17,"column":1}},"1":{"start":{"line":19,"column":24},"end":{"line":26,"column":3}},"2":{"start":{"line":19,"column":42},"end":{"line":26,"column":1}},"3":{"start":{"line":28,"column":13},"end":{"line":50,"column":1}},"4":{"start":{"line":35,"column":8},"end":{"line":35,"column":13}},"5":{"start":{"line":37,"column":4},"end":{"line":49,"column":6}},"6":{"start":{"line":43,"column":16},"end":{"line":46,"column":18}},"7":{"start":{"line":54,"column":0},"end":{"line":59,"column":2}}},"fnMap":{"0":{"name":"(anonymous_0)","decl":{"start":{"line":19,"column":35},"end":{"line":19,"column":36}},"loc":{"start":{"line":19,"column":42},"end":{"line":26,"column":1}},"line":19},"1":{"name":"(anonymous_1)","decl":{"start":{"line":28,"column":13},"end":{"line":28,"column":14}},"loc":{"start":{"line":28,"column":24},"end":{"line":50,"column":1}},"line":28},"2":{"name":"(anonymous_2)","decl":{"start":{"line":42,"column":22},"end":{"line":42,"column":23}},"loc":{"start":{"line":43,"column":16},"end":{"line":46,"column":18}},"line":43}},"branchMap":{},"s":{"0":1,"1":1,"2":1,"3":1,"4":1,"5":1,"6":4,"7":1},"f":{"0":1,"1":1,"2":4},"b":{},"_coverageSchema":"1a1c01bbd47fc00a2c39e90264f33305004495a9","hash":"500cebb9b65e5a88d63a9cd0ee46a86cf32d4407"}
,"/Users/tejaswikota/Desktop/personal/learning/react/flicker/webpack-react/src/features/Button.jsx": {"path":"/Users/tejaswikota/Desktop/personal/learning/react/flicker/webpack-react/src/features/Button.jsx","statementMap":{"0":{"start":{"line":13,"column":21},"end":{"line":21,"column":3}},"1":{"start":{"line":13,"column":39},"end":{"line":21,"column":1}},"2":{"start":{"line":24,"column":21},"end":{"line":24,"column":34}},"3":{"start":{"line":26,"column":4},"end":{"line":32,"column":6}},"4":{"start":{"line":28,"column":27},"end":{"line":28,"column":64}},"5":{"start":{"line":37,"column":0},"end":{"line":39,"column":2}}},"fnMap":{"0":{"name":"(anonymous_0)","decl":{"start":{"line":13,"column":32},"end":{"line":13,"column":33}},"loc":{"start":{"line":13,"column":39},"end":{"line":21,"column":1}},"line":13},"1":{"name":"Button","decl":{"start":{"line":23,"column":9},"end":{"line":23,"column":15}},"loc":{"start":{"line":23,"column":29},"end":{"line":33,"column":1}},"line":23},"2":{"name":"(anonymous_2)","decl":{"start":{"line":28,"column":21},"end":{"line":28,"column":22}},"loc":{"start":{"line":28,"column":27},"end":{"line":28,"column":64}},"line":28}},"branchMap":{},"s":{"0":2,"1":5,"2":5,"3":5,"4":0,"5":2},"f":{"0":5,"1":5,"2":0},"b":{},"_coverageSchema":"1a1c01bbd47fc00a2c39e90264f33305004495a9","hash":"7ee6cbf15ad4d0a8b153c0f791cdf20ecfeda1c1"}
,"/Users/tejaswikota/Desktop/personal/learning/react/flicker/webpack-react/src/features/Button.stories.jsx": {"path":"/Users/tejaswikota/Desktop/personal/learning/react/flicker/webpack-react/src/features/Button.stories.jsx","statementMap":{"0":{"start":{"line":15,"column":4},"end":{"line":15,"column":32}},"1":{"start":{"line":18,"column":29},"end":{"line":18,"column":52}},"2":{"start":{"line":19,"column":0},"end":{"line":23,"column":2}},"3":{"start":{"line":22,"column":23},"end":{"line":22,"column":39}}},"fnMap":{"0":{"name":"ButtonTemplate","decl":{"start":{"line":13,"column":9},"end":{"line":13,"column":23}},"loc":{"start":{"line":13,"column":30},"end":{"line":16,"column":1}},"line":13},"1":{"name":"(anonymous_1)","decl":{"start":{"line":22,"column":17},"end":{"line":22,"column":18}},"loc":{"start":{"line":22,"column":23},"end":{"line":22,"column":39}},"line":22}},"branchMap":{},"s":{"0":1,"1":1,"2":1,"3":0},"f":{"0":1,"1":0},"b":{},"_coverageSchema":"1a1c01bbd47fc00a2c39e90264f33305004495a9","hash":"1a05eebea9e22ea6b9fc4d5ec98e9491a89ee86a"}
,"/Users/tejaswikota/Desktop/personal/learning/react/flicker/webpack-react/src/features/Card.stories.jsx": {"path":"/Users/tejaswikota/Desktop/personal/learning/react/flicker/webpack-react/src/features/Card.stories.jsx","statementMap":{"0":{"start":{"line":16,"column":4},"end":{"line":16,"column":30}},"1":{"start":{"line":19,"column":27},"end":{"line":19,"column":48}},"2":{"start":{"line":20,"column":0},"end":{"line":27,"column":2}},"3":{"start":{"line":25,"column":20},"end":{"line":25,"column":48}},"4":{"start":{"line":26,"column":27},"end":{"line":26,"column":57}}},"fnMap":{"0":{"name":"CardTemplate","decl":{"start":{"line":14,"column":9},"end":{"line":14,"column":21}},"loc":{"start":{"line":14,"column":28},"end":{"line":17,"column":1}},"line":14},"1":{"name":"(anonymous_1)","decl":{"start":{"line":25,"column":14},"end":{"line":25,"column":15}},"loc":{"start":{"line":25,"column":20},"end":{"line":25,"column":48}},"line":25},"2":{"name":"(anonymous_2)","decl":{"start":{"line":26,"column":21},"end":{"line":26,"column":22}},"loc":{"start":{"line":26,"column":27},"end":{"line":26,"column":57}},"line":26}},"branchMap":{},"s":{"0":1,"1":1,"2":1,"3":0,"4":0},"f":{"0":1,"1":0,"2":0},"b":{},"_coverageSchema":"1a1c01bbd47fc00a2c39e90264f33305004495a9","hash":"b10c8253a26557e9341f8683e16a5787cf4dcfc9"}
,"/Users/tejaswikota/Desktop/personal/learning/react/flicker/webpack-react/src/features/Image.jsx": {"path":"/Users/tejaswikota/Desktop/personal/learning/react/flicker/webpack-react/src/features/Image.jsx","statementMap":{"0":{"start":{"line":6,"column":20},"end":{"line":15,"column":1}},"1":{"start":{"line":18,"column":4},"end":{"line":22,"column":6}},"2":{"start":{"line":27,"column":0},"end":{"line":29,"column":2}}},"fnMap":{"0":{"name":"Image","decl":{"start":{"line":17,"column":9},"end":{"line":17,"column":14}},"loc":{"start":{"line":17,"column":27},"end":{"line":23,"column":1}},"line":17}},"branchMap":{},"s":{"0":2,"1":2,"2":2},"f":{"0":2},"b":{},"_coverageSchema":"1a1c01bbd47fc00a2c39e90264f33305004495a9","hash":"0cdd5a8949f32a93ad51bb548d4b685bb9995008"}
,"/Users/tejaswikota/Desktop/personal/learning/react/flicker/webpack-react/src/features/Image.stories.jsx": {"path":"/Users/tejaswikota/Desktop/personal/learning/react/flicker/webpack-react/src/features/Image.stories.jsx","statementMap":{"0":{"start":{"line":15,"column":4},"end":{"line":15,"column":31}},"1":{"start":{"line":18,"column":28},"end":{"line":18,"column":50}},"2":{"start":{"line":19,"column":0},"end":{"line":21,"column":2}}},"fnMap":{"0":{"name":"ImageTemplate","decl":{"start":{"line":13,"column":9},"end":{"line":13,"column":22}},"loc":{"start":{"line":13,"column":29},"end":{"line":16,"column":1}},"line":13}},"branchMap":{},"s":{"0":1,"1":1,"2":1},"f":{"0":1},"b":{},"_coverageSchema":"1a1c01bbd47fc00a2c39e90264f33305004495a9","hash":"120dc2c56430b9374e97843d5016e749d58a7fb6"}
,"/Users/tejaswikota/Desktop/personal/learning/react/flicker/webpack-react/src/features/Text.jsx": {"path":"/Users/tejaswikota/Desktop/personal/learning/react/flicker/webpack-react/src/features/Text.jsx","statementMap":{"0":{"start":{"line":14,"column":19},"end":{"line":21,"column":3}},"1":{"start":{"line":16,"column":7},"end":{"line":21,"column":1}},"2":{"start":{"line":30,"column":8},"end":{"line":30,"column":13}},"3":{"start":{"line":32,"column":4},"end":{"line":41,"column":6}},"4":{"start":{"line":46,"column":0},"end":{"line":52,"column":2}},"5":{"start":{"line":54,"column":0},"end":{"line":59,"column":2}}},"fnMap":{"0":{"name":"(anonymous_0)","decl":{"start":{"line":14,"column":30},"end":{"line":14,"column":31}},"loc":{"start":{"line":16,"column":7},"end":{"line":21,"column":1}},"line":16},"1":{"name":"Text","decl":{"start":{"line":23,"column":9},"end":{"line":23,"column":13}},"loc":{"start":{"line":23,"column":21},"end":{"line":42,"column":1}},"line":23}},"branchMap":{},"s":{"0":3,"1":10,"2":10,"3":10,"4":3,"5":3},"f":{"0":10,"1":10},"b":{},"_coverageSchema":"1a1c01bbd47fc00a2c39e90264f33305004495a9","hash":"bcaf64187b08d44823412292f07c5bb1d8b4fa62"}
,"/Users/tejaswikota/Desktop/personal/learning/react/flicker/webpack-react/src/features/Text.stories.jsx": {"path":"/Users/tejaswikota/Desktop/personal/learning/react/flicker/webpack-react/src/features/Text.stories.jsx","statementMap":{"0":{"start":{"line":15,"column":4},"end":{"line":15,"column":30}},"1":{"start":{"line":18,"column":27},"end":{"line":18,"column":48}},"2":{"start":{"line":19,"column":0},"end":{"line":22,"column":2}},"3":{"start":{"line":24,"column":27},"end":{"line":24,"column":48}},"4":{"start":{"line":25,"column":0},"end":{"line":29,"column":2}},"5":{"start":{"line":31,"column":30},"end":{"line":31,"column":51}},"6":{"start":{"line":32,"column":0},"end":{"line":38,"column":2}}},"fnMap":{"0":{"name":"TextTemplate","decl":{"start":{"line":13,"column":9},"end":{"line":13,"column":21}},"loc":{"start":{"line":13,"column":28},"end":{"line":16,"column":1}},"line":13}},"branchMap":{},"s":{"0":3,"1":1,"2":1,"3":1,"4":1,"5":1,"6":1},"f":{"0":3},"b":{},"_coverageSchema":"1a1c01bbd47fc00a2c39e90264f33305004495a9","hash":"734648abec6eb28c3a3611af34f490e586e5f2ca"}
}
