{"/Users/tejaswikota/Desktop/personal/learning/react/flicker/webpack-react/src/theme.js": {"path":"/Users/tejaswikota/Desktop/personal/learning/react/flicker/webpack-react/src/theme.js","statementMap":{"0":{"start":{"line":1,"column":22},"end":{"line":26,"column":1}},"1":{"start":{"line":28,"column":27},"end":{"line":33,"column":1}},"2":{"start":{"line":35,"column":26},"end":{"line":40,"column":1}},"3":{"start":{"line":42,"column":28},"end":{"line":47,"column":1}},"4":{"start":{"line":49,"column":28},"end":{"line":53,"column":1}},"5":{"start":{"line":55,"column":26},"end":{"line":59,"column":1}},"6":{"start":{"line":61,"column":24},"end":{"line":65,"column":1}},"7":{"start":{"line":67,"column":26},"end":{"line":71,"column":1}},"8":{"start":{"line":73,"column":32},"end":{"line":97,"column":1}},"9":{"start":{"line":99,"column":29},"end":{"line":108,"column":1}},"10":{"start":{"line":110,"column":26},"end":{"line":113,"column":1}},"11":{"start":{"line":115,"column":23},"end":{"line":118,"column":1}},"12":{"start":{"line":120,"column":28},"end":{"line":124,"column":1}}},"fnMap":{},"branchMap":{},"s":{"0":1,"1":1,"2":1,"3":1,"4":1,"5":1,"6":1,"7":1,"8":1,"9":1,"10":1,"11":1,"12":1},"f":{},"b":{},"_coverageSchema":"1a1c01bbd47fc00a2c39e90264f33305004495a9","hash":"dd05342efdaec7606e91a0fac4b02c1cd4bbad7c"}
,"/Users/tejaswikota/Desktop/personal/learning/react/flicker/webpack-react/src/useDeviceType.jsx": {"path":"/Users/tejaswikota/Desktop/personal/learning/react/flicker/webpack-react/src/useDeviceType.jsx","statementMap":{"0":{"start":{"line":4,"column":22},"end":{"line":27,"column":1}},"1":{"start":{"line":5,"column":40},"end":{"line":7,"column":6}},"2":{"start":{"line":9,"column":4},"end":{"line":18,"column":11}},"3":{"start":{"line":11,"column":12},"end":{"line":13,"column":15}},"4":{"start":{"line":15,"column":8},"end":{"line":15,"column":56}},"5":{"start":{"line":16,"column":8},"end":{"line":16,"column":23}},"6":{"start":{"line":17,"column":8},"end":{"line":17,"column":72}},"7":{"start":{"line":17,"column":21},"end":{"line":17,"column":71}},"8":{"start":{"line":20,"column":22},"end":{"line":20,"column":60}},"9":{"start":{"line":21,"column":21},"end":{"line":21,"column":59}},"10":{"start":{"line":22,"column":27},"end":{"line":22,"column":66}},"11":{"start":{"line":24,"column":24},"end":{"line":24,"column":113}},"12":{"start":{"line":26,"column":4},"end":{"line":26,"column":23}}},"fnMap":{"0":{"name":"(anonymous_0)","decl":{"start":{"line":4,"column":22},"end":{"line":4,"column":23}},"loc":{"start":{"line":4,"column":28},"end":{"line":27,"column":1}},"line":4},"1":{"name":"(anonymous_1)","decl":{"start":{"line":9,"column":14},"end":{"line":9,"column":15}},"loc":{"start":{"line":9,"column":20},"end":{"line":18,"column":5}},"line":9},"2":{"name":"handleResize","decl":{"start":{"line":10,"column":17},"end":{"line":10,"column":29}},"loc":{"start":{"line":10,"column":32},"end":{"line":14,"column":9}},"line":10},"3":{"name":"(anonymous_3)","decl":{"start":{"line":17,"column":15},"end":{"line":17,"column":16}},"loc":{"start":{"line":17,"column":21},"end":{"line":17,"column":71}},"line":17}},"branchMap":{"0":{"loc":{"start":{"line":24,"column":24},"end":{"line":24,"column":113}},"type":"cond-expr","locations":[{"start":{"line":24,"column":41},"end":{"line":24,"column":56}},{"start":{"line":24,"column":59},"end":{"line":24,"column":113}}],"line":24},"1":{"loc":{"start":{"line":24,"column":59},"end":{"line":24,"column":113}},"type":"cond-expr","locations":[{"start":{"line":24,"column":71},"end":{"line":24,"column":80}},{"start":{"line":24,"column":83},"end":{"line":24,"column":113}}],"line":24},"2":{"loc":{"start":{"line":24,"column":83},"end":{"line":24,"column":113}},"type":"cond-expr","locations":[{"start":{"line":24,"column":94},"end":{"line":24,"column":102}},{"start":{"line":24,"column":105},"end":{"line":24,"column":113}}],"line":24}},"s":{"0":1,"1":1,"2":1,"3":0,"4":0,"5":0,"6":0,"7":0,"8":1,"9":1,"10":1,"11":1,"12":1},"f":{"0":1,"1":0,"2":0,"3":0},"b":{"0":[0,1],"1":[1,0],"2":[0,0]},"_coverageSchema":"1a1c01bbd47fc00a2c39e90264f33305004495a9","hash":"47ac21eac00e2ddf8207b4cbc500b3fe82d87d3b"}
,"/Users/tejaswikota/Desktop/personal/learning/react/flicker/webpack-react/src/components/Card.jsx": {"path":"/Users/tejaswikota/Desktop/personal/learning/react/flicker/webpack-react/src/components/Card.jsx","statementMap":{"0":{"start":{"line":12,"column":14},"end":{"line":17,"column":1}},"1":{"start":{"line":19,"column":24},"end":{"line":26,"column":3}},"2":{"start":{"line":19,"column":42},"end":{"line":26,"column":1}},"3":{"start":{"line":28,"column":13},"end":{"line":57,"column":1}},"4":{"start":{"line":36,"column":8},"end":{"line":36,"column":13}},"5":{"start":{"line":38,"column":28},"end":{"line":41,"column":5}},"6":{"start":{"line":39,"column":8},"end":{"line":39,"column":26}},"7":{"start":{"line":40,"column":8},"end":{"line":40,"column":30}},"8":{"start":{"line":43,"column":4},"end":{"line":56,"column":6}},"9":{"start":{"line":49,"column":16},"end":{"line":53,"column":18}},"10":{"start":{"line":61,"column":0},"end":{"line":68,"column":2}}},"fnMap":{"0":{"name":"(anonymous_0)","decl":{"start":{"line":19,"column":35},"end":{"line":19,"column":36}},"loc":{"start":{"line":19,"column":42},"end":{"line":26,"column":1}},"line":19},"1":{"name":"(anonymous_1)","decl":{"start":{"line":28,"column":13},"end":{"line":28,"column":14}},"loc":{"start":{"line":28,"column":24},"end":{"line":57,"column":1}},"line":28},"2":{"name":"(anonymous_2)","decl":{"start":{"line":38,"column":28},"end":{"line":38,"column":29}},"loc":{"start":{"line":38,"column":41},"end":{"line":41,"column":5}},"line":38},"3":{"name":"(anonymous_3)","decl":{"start":{"line":48,"column":22},"end":{"line":48,"column":23}},"loc":{"start":{"line":49,"column":16},"end":{"line":53,"column":18}},"line":49}},"branchMap":{},"s":{"0":1,"1":1,"2":1,"3":1,"4":1,"5":1,"6":0,"7":0,"8":1,"9":4,"10":1},"f":{"0":1,"1":1,"2":0,"3":4},"b":{},"_coverageSchema":"1a1c01bbd47fc00a2c39e90264f33305004495a9","hash":"284ea5fcf84972b480ea430d6a460f834d0643ce"}
,"/Users/tejaswikota/Desktop/personal/learning/react/flicker/webpack-react/src/features/Button.jsx": {"path":"/Users/tejaswikota/Desktop/personal/learning/react/flicker/webpack-react/src/features/Button.jsx","statementMap":{"0":{"start":{"line":11,"column":21},"end":{"line":19,"column":3}},"1":{"start":{"line":11,"column":39},"end":{"line":19,"column":1}},"2":{"start":{"line":22,"column":4},"end":{"line":28,"column":6}},"3":{"start":{"line":24,"column":27},"end":{"line":24,"column":47}},"4":{"start":{"line":33,"column":0},"end":{"line":36,"column":2}}},"fnMap":{"0":{"name":"(anonymous_0)","decl":{"start":{"line":11,"column":32},"end":{"line":11,"column":33}},"loc":{"start":{"line":11,"column":39},"end":{"line":19,"column":1}},"line":11},"1":{"name":"Button","decl":{"start":{"line":21,"column":9},"end":{"line":21,"column":15}},"loc":{"start":{"line":21,"column":42},"end":{"line":29,"column":1}},"line":21},"2":{"name":"(anonymous_2)","decl":{"start":{"line":24,"column":21},"end":{"line":24,"column":22}},"loc":{"start":{"line":24,"column":27},"end":{"line":24,"column":47}},"line":24}},"branchMap":{},"s":{"0":1,"1":4,"2":4,"3":0,"4":1},"f":{"0":4,"1":4,"2":0},"b":{},"_coverageSchema":"1a1c01bbd47fc00a2c39e90264f33305004495a9","hash":"16762bb7d798291e85f0252979c7b41c12c554d6"}
,"/Users/tejaswikota/Desktop/personal/learning/react/flicker/webpack-react/src/features/Card.stories.jsx": {"path":"/Users/tejaswikota/Desktop/personal/learning/react/flicker/webpack-react/src/features/Card.stories.jsx","statementMap":{"0":{"start":{"line":15,"column":4},"end":{"line":15,"column":30}},"1":{"start":{"line":18,"column":27},"end":{"line":18,"column":48}},"2":{"start":{"line":19,"column":0},"end":{"line":26,"column":2}},"3":{"start":{"line":24,"column":20},"end":{"line":24,"column":48}},"4":{"start":{"line":25,"column":27},"end":{"line":25,"column":57}}},"fnMap":{"0":{"name":"CardTemplate","decl":{"start":{"line":13,"column":9},"end":{"line":13,"column":21}},"loc":{"start":{"line":13,"column":28},"end":{"line":16,"column":1}},"line":13},"1":{"name":"(anonymous_1)","decl":{"start":{"line":24,"column":14},"end":{"line":24,"column":15}},"loc":{"start":{"line":24,"column":20},"end":{"line":24,"column":48}},"line":24},"2":{"name":"(anonymous_2)","decl":{"start":{"line":25,"column":21},"end":{"line":25,"column":22}},"loc":{"start":{"line":25,"column":27},"end":{"line":25,"column":57}},"line":25}},"branchMap":{},"s":{"0":1,"1":1,"2":1,"3":0,"4":0},"f":{"0":1,"1":0,"2":0},"b":{},"_coverageSchema":"1a1c01bbd47fc00a2c39e90264f33305004495a9","hash":"9ec1b242a8605d4865d24d7cfd4897840561e4bc"}
,"/Users/tejaswikota/Desktop/personal/learning/react/flicker/webpack-react/src/features/Image.jsx": {"path":"/Users/tejaswikota/Desktop/personal/learning/react/flicker/webpack-react/src/features/Image.jsx","statementMap":{"0":{"start":{"line":6,"column":20},"end":{"line":15,"column":1}},"1":{"start":{"line":18,"column":4},"end":{"line":22,"column":6}},"2":{"start":{"line":27,"column":0},"end":{"line":29,"column":2}}},"fnMap":{"0":{"name":"Image","decl":{"start":{"line":17,"column":9},"end":{"line":17,"column":14}},"loc":{"start":{"line":17,"column":27},"end":{"line":23,"column":1}},"line":17}},"branchMap":{},"s":{"0":1,"1":1,"2":1},"f":{"0":1},"b":{},"_coverageSchema":"1a1c01bbd47fc00a2c39e90264f33305004495a9","hash":"0cdd5a8949f32a93ad51bb548d4b685bb9995008"}
,"/Users/tejaswikota/Desktop/personal/learning/react/flicker/webpack-react/src/features/Text.jsx": {"path":"/Users/tejaswikota/Desktop/personal/learning/react/flicker/webpack-react/src/features/Text.jsx","statementMap":{"0":{"start":{"line":14,"column":19},"end":{"line":21,"column":3}},"1":{"start":{"line":16,"column":7},"end":{"line":21,"column":1}},"2":{"start":{"line":30,"column":8},"end":{"line":30,"column":13}},"3":{"start":{"line":32,"column":4},"end":{"line":41,"column":6}},"4":{"start":{"line":46,"column":0},"end":{"line":52,"column":2}},"5":{"start":{"line":54,"column":0},"end":{"line":59,"column":2}}},"fnMap":{"0":{"name":"(anonymous_0)","decl":{"start":{"line":14,"column":30},"end":{"line":14,"column":31}},"loc":{"start":{"line":16,"column":7},"end":{"line":21,"column":1}},"line":16},"1":{"name":"Text","decl":{"start":{"line":23,"column":9},"end":{"line":23,"column":13}},"loc":{"start":{"line":23,"column":21},"end":{"line":42,"column":1}},"line":23}},"branchMap":{},"s":{"0":1,"1":6,"2":6,"3":6,"4":1,"5":1},"f":{"0":6,"1":6},"b":{},"_coverageSchema":"1a1c01bbd47fc00a2c39e90264f33305004495a9","hash":"bcaf64187b08d44823412292f07c5bb1d8b4fa62"}
}
