TN:
SF:src/helpers.jsx
FN:3,(anonymous_0)
FN:5,(anonymous_1)
FN:7,(anonymous_2)
FN:9,(anonymous_3)
FNF:4
FNH:3
FNDA:2,(anonymous_0)
FNDA:0,(anonymous_1)
FNDA:3,(anonymous_2)
FNDA:4,(anonymous_3)
DA:3,2
DA:5,1
DA:7,3
DA:9,4
LF:4
LH:4
BRF:0
BRH:0
end_of_record
TN:
SF:src/searchSlice.js
FN:18,(anonymous_0)
FN:21,(anonymous_1)
FN:24,(anonymous_2)
FN:31,(anonymous_3)
FN:31,(anonymous_4)
FN:42,(anonymous_5)
FN:43,(anonymous_6)
FNF:7
FNH:5
FNDA:1,(anonymous_0)
FNDA:1,(anonymous_1)
FNDA:2,(anonymous_2)
FNDA:1,(anonymous_3)
FNDA:1,(anonymous_4)
FNDA:0,(anonymous_5)
FNDA:0,(anonymous_6)
DA:5,3
DA:11,3
DA:12,3
DA:14,3
DA:19,1
DA:22,1
DA:25,2
DA:26,2
DA:31,3
DA:32,1
DA:33,1
DA:34,1
DA:35,1
DA:37,0
DA:41,3
DA:42,3
DA:43,3
LF:17
LH:16
BRF:0
BRH:0
end_of_record
TN:
SF:src/store.js
FNF:0
FNH:0
DA:5,1
LF:1
LH:1
BRF:0
BRH:0
end_of_record
TN:
SF:src/sum.js
FN:1,sum
FNF:1
FNH:1
FNDA:1,sum
DA:2,1
DA:4,1
LF:2
LH:2
BRF:0
BRH:0
end_of_record
TN:
SF:src/theme.js
FNF:0
FNH:0
DA:1,4
DA:28,4
DA:35,4
DA:42,4
DA:49,4
DA:55,4
DA:61,4
DA:67,4
DA:73,4
DA:99,4
DA:110,4
DA:115,4
DA:120,4
LF:13
LH:13
BRF:0
BRH:0
end_of_record
TN:
SF:src/useDeviceType.jsx
FN:4,(anonymous_0)
FN:9,(anonymous_1)
FN:10,handleResize
FN:17,(anonymous_3)
FNF:4
FNH:4
FNDA:9,(anonymous_0)
FNDA:4,(anonymous_1)
FNDA:4,handleResize
FNDA:4,(anonymous_3)
DA:4,2
DA:5,9
DA:9,9
DA:11,4
DA:15,4
DA:16,4
DA:17,4
DA:20,9
DA:21,9
DA:22,9
DA:24,9
DA:26,9
LF:12
LH:12
BRDA:24,0,0,2
BRDA:24,0,1,7
BRDA:24,1,0,3
BRDA:24,1,1,4
BRDA:24,2,0,2
BRDA:24,2,1,2
BRF:6
BRH:6
end_of_record
TN:
SF:src/components/Card.jsx
FN:19,(anonymous_0)
FN:28,(anonymous_1)
FN:42,(anonymous_2)
FNF:3
FNH:3
FNDA:1,(anonymous_0)
FNDA:1,(anonymous_1)
FNDA:4,(anonymous_2)
DA:12,1
DA:19,1
DA:28,1
DA:35,1
DA:37,1
DA:43,4
DA:54,1
LF:7
LH:7
BRF:0
BRH:0
end_of_record
TN:
SF:src/features/Button.jsx
FN:13,(anonymous_0)
FN:23,Button
FN:28,(anonymous_2)
FNF:3
FNH:2
FNDA:5,(anonymous_0)
FNDA:5,Button
FNDA:0,(anonymous_2)
DA:13,5
DA:24,5
DA:26,5
DA:28,0
DA:37,2
LF:5
LH:4
BRF:0
BRH:0
end_of_record
TN:
SF:src/features/Button.stories.jsx
FN:13,ButtonTemplate
FN:22,(anonymous_1)
FNF:2
FNH:1
FNDA:1,ButtonTemplate
FNDA:0,(anonymous_1)
DA:15,1
DA:18,1
DA:19,1
DA:22,0
LF:4
LH:3
BRF:0
BRH:0
end_of_record
TN:
SF:src/features/Card.stories.jsx
FN:14,CardTemplate
FN:25,(anonymous_1)
FN:26,(anonymous_2)
FNF:3
FNH:1
FNDA:1,CardTemplate
FNDA:0,(anonymous_1)
FNDA:0,(anonymous_2)
DA:16,1
DA:19,1
DA:20,1
DA:25,0
DA:26,0
LF:5
LH:3
BRF:0
BRH:0
end_of_record
TN:
SF:src/features/Image.jsx
FN:17,Image
FNF:1
FNH:1
FNDA:2,Image
DA:6,2
DA:18,2
DA:27,2
LF:3
LH:3
BRF:0
BRH:0
end_of_record
TN:
SF:src/features/Image.stories.jsx
FN:13,ImageTemplate
FNF:1
FNH:1
FNDA:1,ImageTemplate
DA:15,1
DA:18,1
DA:19,1
LF:3
LH:3
BRF:0
BRH:0
end_of_record
TN:
SF:src/features/Text.jsx
FN:14,(anonymous_0)
FN:23,Text
FNF:2
FNH:2
FNDA:10,(anonymous_0)
FNDA:10,Text
DA:14,3
DA:16,10
DA:30,10
DA:32,10
DA:46,3
DA:54,3
LF:6
LH:6
BRF:0
BRH:0
end_of_record
TN:
SF:src/features/Text.stories.jsx
FN:13,TextTemplate
FNF:1
FNH:1
FNDA:3,TextTemplate
DA:15,3
DA:18,1
DA:19,1
DA:24,1
DA:25,1
DA:31,1
DA:32,1
LF:7
LH:7
BRF:0
BRH:0
end_of_record
