TN:
SF:src/theme.js
FNF:0
FNH:0
DA:1,1
DA:28,1
DA:35,1
DA:42,1
DA:49,1
DA:55,1
DA:61,1
DA:67,1
DA:73,1
DA:99,1
DA:110,1
DA:115,1
DA:120,1
LF:13
LH:13
BRF:0
BRH:0
end_of_record
TN:
SF:src/useDeviceType.jsx
FN:4,(anonymous_0)
FN:9,(anonymous_1)
FN:10,handleResize
FN:17,(anonymous_3)
FNF:4
FNH:1
FNDA:1,(anonymous_0)
FNDA:0,(anonymous_1)
FNDA:0,handleResize
FNDA:0,(anonymous_3)
DA:4,1
DA:5,1
DA:9,1
DA:11,0
DA:15,0
DA:16,0
DA:17,0
DA:20,1
DA:21,1
DA:22,1
DA:24,1
DA:26,1
LF:12
LH:8
BRDA:24,0,0,0
BRDA:24,0,1,1
BRDA:24,1,0,1
BRDA:24,1,1,0
BRDA:24,2,0,0
BRDA:24,2,1,0
BRF:6
BRH:2
end_of_record
TN:
SF:src/components/Card.jsx
FN:19,(anonymous_0)
FN:28,(anonymous_1)
FN:38,(anonymous_2)
FN:48,(anonymous_3)
FNF:4
FNH:3
FNDA:1,(anonymous_0)
FNDA:1,(anonymous_1)
FNDA:0,(anonymous_2)
FNDA:4,(anonymous_3)
DA:12,1
DA:19,1
DA:28,1
DA:36,1
DA:38,1
DA:39,0
DA:40,0
DA:43,1
DA:49,4
DA:61,1
LF:10
LH:8
BRF:0
BRH:0
end_of_record
TN:
SF:src/features/Button.jsx
FN:11,(anonymous_0)
FN:21,Button
FN:24,(anonymous_2)
FNF:3
FNH:2
FNDA:4,(anonymous_0)
FNDA:4,Button
FNDA:0,(anonymous_2)
DA:11,4
DA:22,4
DA:24,0
DA:33,1
LF:4
LH:3
BRF:0
BRH:0
end_of_record
TN:
SF:src/features/Card.stories.jsx
FN:13,CardTemplate
FN:24,(anonymous_1)
FN:25,(anonymous_2)
FNF:3
FNH:1
FNDA:1,CardTemplate
FNDA:0,(anonymous_1)
FNDA:0,(anonymous_2)
DA:15,1
DA:18,1
DA:19,1
DA:24,0
DA:25,0
LF:5
LH:3
BRF:0
BRH:0
end_of_record
TN:
SF:src/features/Image.jsx
FN:17,Image
FNF:1
FNH:1
FNDA:1,Image
DA:6,1
DA:18,1
DA:27,1
LF:3
LH:3
BRF:0
BRH:0
end_of_record
TN:
SF:src/features/Text.jsx
FN:14,(anonymous_0)
FN:23,Text
FNF:2
FNH:2
FNDA:6,(anonymous_0)
FNDA:6,Text
DA:14,1
DA:16,6
DA:30,6
DA:32,6
DA:46,1
DA:54,1
LF:6
LH:6
BRF:0
BRH:0
end_of_record
